[2024-02-28T14:43:33.159+0000] {processor.py:161} INFO - Started process (PID=171) to work on /opt/airflow/dags/operator.py
[2024-02-28T14:43:33.160+0000] {processor.py:830} INFO - Processing file /opt/airflow/dags/operator.py for tasks to queue
[2024-02-28T14:43:33.160+0000] {logging_mixin.py:188} INFO - [2024-02-28T14:43:33.160+0000] {dagbag.py:538} INFO - Filling up the DagBag from /opt/airflow/dags/operator.py
[2024-02-28T14:43:33.174+0000] {processor.py:840} INFO - DAG(s) 'dag_with_python_operator' retrieved from /opt/airflow/dags/operator.py
[2024-02-28T14:43:33.290+0000] {logging_mixin.py:188} INFO - [2024-02-28T14:43:33.289+0000] {override.py:1769} INFO - Created Permission View: can read on DAG:dag_with_python_operator
[2024-02-28T14:43:33.294+0000] {logging_mixin.py:188} INFO - [2024-02-28T14:43:33.294+0000] {override.py:1769} INFO - Created Permission View: can edit on DAG:dag_with_python_operator
[2024-02-28T14:43:33.298+0000] {logging_mixin.py:188} INFO - [2024-02-28T14:43:33.298+0000] {override.py:1769} INFO - Created Permission View: can delete on DAG:dag_with_python_operator
[2024-02-28T14:43:33.298+0000] {logging_mixin.py:188} INFO - [2024-02-28T14:43:33.298+0000] {dag.py:3036} INFO - Sync 1 DAGs
[2024-02-28T14:43:33.305+0000] {logging_mixin.py:188} INFO - [2024-02-28T14:43:33.305+0000] {dag.py:3058} INFO - Creating ORM DAG for dag_with_python_operator
[2024-02-28T14:43:33.311+0000] {logging_mixin.py:188} INFO - [2024-02-28T14:43:33.311+0000] {dag.py:3823} INFO - Setting next_dagrun for dag_with_python_operator to 2024-02-28 00:00:00+00:00, run_after=2024-02-29 00:00:00+00:00
[2024-02-28T14:43:33.319+0000] {processor.py:183} INFO - Processing /opt/airflow/dags/operator.py took 0.161 seconds
[2024-02-28T14:43:43.362+0000] {processor.py:161} INFO - Started process (PID=177) to work on /opt/airflow/dags/operator.py
[2024-02-28T14:43:43.362+0000] {processor.py:830} INFO - Processing file /opt/airflow/dags/operator.py for tasks to queue
[2024-02-28T14:43:43.363+0000] {logging_mixin.py:188} INFO - [2024-02-28T14:43:43.363+0000] {dagbag.py:538} INFO - Filling up the DagBag from /opt/airflow/dags/operator.py
[2024-02-28T14:43:43.371+0000] {processor.py:840} INFO - DAG(s) 'dag_with_python_operator' retrieved from /opt/airflow/dags/operator.py
[2024-02-28T14:43:43.380+0000] {logging_mixin.py:188} INFO - [2024-02-28T14:43:43.380+0000] {dag.py:3036} INFO - Sync 1 DAGs
[2024-02-28T14:43:43.394+0000] {logging_mixin.py:188} INFO - [2024-02-28T14:43:43.393+0000] {dag.py:3823} INFO - Setting next_dagrun for dag_with_python_operator to 2024-02-28 00:00:00+00:00, run_after=2024-02-29 00:00:00+00:00
[2024-02-28T14:43:43.406+0000] {processor.py:183} INFO - Processing /opt/airflow/dags/operator.py took 0.047 seconds
[2024-02-28T14:43:53.472+0000] {processor.py:161} INFO - Started process (PID=182) to work on /opt/airflow/dags/operator.py
[2024-02-28T14:43:53.474+0000] {processor.py:830} INFO - Processing file /opt/airflow/dags/operator.py for tasks to queue
[2024-02-28T14:43:53.475+0000] {logging_mixin.py:188} INFO - [2024-02-28T14:43:53.475+0000] {dagbag.py:538} INFO - Filling up the DagBag from /opt/airflow/dags/operator.py
[2024-02-28T14:43:53.492+0000] {processor.py:840} INFO - DAG(s) 'dag_with_python_operator' retrieved from /opt/airflow/dags/operator.py
[2024-02-28T14:43:53.506+0000] {logging_mixin.py:188} INFO - [2024-02-28T14:43:53.506+0000] {dag.py:3036} INFO - Sync 1 DAGs
[2024-02-28T14:43:53.523+0000] {logging_mixin.py:188} INFO - [2024-02-28T14:43:53.523+0000] {dag.py:3823} INFO - Setting next_dagrun for dag_with_python_operator to 2024-02-28 00:00:00+00:00, run_after=2024-02-29 00:00:00+00:00
[2024-02-28T14:43:53.535+0000] {processor.py:183} INFO - Processing /opt/airflow/dags/operator.py took 0.067 seconds
[2024-02-28T14:44:03.604+0000] {processor.py:161} INFO - Started process (PID=187) to work on /opt/airflow/dags/operator.py
[2024-02-28T14:44:03.606+0000] {processor.py:830} INFO - Processing file /opt/airflow/dags/operator.py for tasks to queue
[2024-02-28T14:44:03.607+0000] {logging_mixin.py:188} INFO - [2024-02-28T14:44:03.607+0000] {dagbag.py:538} INFO - Filling up the DagBag from /opt/airflow/dags/operator.py
[2024-02-28T14:44:03.622+0000] {processor.py:840} INFO - DAG(s) 'dag_with_python_operator' retrieved from /opt/airflow/dags/operator.py
[2024-02-28T14:44:03.635+0000] {logging_mixin.py:188} INFO - [2024-02-28T14:44:03.635+0000] {dag.py:3036} INFO - Sync 1 DAGs
[2024-02-28T14:44:03.651+0000] {logging_mixin.py:188} INFO - [2024-02-28T14:44:03.651+0000] {dag.py:3823} INFO - Setting next_dagrun for dag_with_python_operator to 2024-02-28 00:00:00+00:00, run_after=2024-02-29 00:00:00+00:00
[2024-02-28T14:44:03.661+0000] {processor.py:183} INFO - Processing /opt/airflow/dags/operator.py took 0.061 seconds
[2024-02-28T14:44:13.699+0000] {processor.py:161} INFO - Started process (PID=192) to work on /opt/airflow/dags/operator.py
[2024-02-28T14:44:13.700+0000] {processor.py:830} INFO - Processing file /opt/airflow/dags/operator.py for tasks to queue
[2024-02-28T14:44:13.701+0000] {logging_mixin.py:188} INFO - [2024-02-28T14:44:13.701+0000] {dagbag.py:538} INFO - Filling up the DagBag from /opt/airflow/dags/operator.py
[2024-02-28T14:44:13.718+0000] {processor.py:840} INFO - DAG(s) 'dag_with_python_operator' retrieved from /opt/airflow/dags/operator.py
[2024-02-28T14:44:13.741+0000] {logging_mixin.py:188} INFO - [2024-02-28T14:44:13.741+0000] {dag.py:3036} INFO - Sync 1 DAGs
[2024-02-28T14:44:13.777+0000] {logging_mixin.py:188} INFO - [2024-02-28T14:44:13.777+0000] {dag.py:3823} INFO - Setting next_dagrun for dag_with_python_operator to 2024-02-28 00:00:00+00:00, run_after=2024-02-29 00:00:00+00:00
[2024-02-28T14:44:13.790+0000] {processor.py:183} INFO - Processing /opt/airflow/dags/operator.py took 0.093 seconds
[2024-02-28T14:44:23.896+0000] {processor.py:161} INFO - Started process (PID=197) to work on /opt/airflow/dags/operator.py
[2024-02-28T14:44:23.897+0000] {processor.py:830} INFO - Processing file /opt/airflow/dags/operator.py for tasks to queue
[2024-02-28T14:44:23.898+0000] {logging_mixin.py:188} INFO - [2024-02-28T14:44:23.898+0000] {dagbag.py:538} INFO - Filling up the DagBag from /opt/airflow/dags/operator.py
[2024-02-28T14:44:23.913+0000] {processor.py:840} INFO - DAG(s) 'dag_with_python_operator' retrieved from /opt/airflow/dags/operator.py
[2024-02-28T14:44:23.926+0000] {logging_mixin.py:188} INFO - [2024-02-28T14:44:23.926+0000] {dag.py:3036} INFO - Sync 1 DAGs
[2024-02-28T14:44:23.943+0000] {logging_mixin.py:188} INFO - [2024-02-28T14:44:23.943+0000] {dag.py:3823} INFO - Setting next_dagrun for dag_with_python_operator to 2024-02-28 00:00:00+00:00, run_after=2024-02-29 00:00:00+00:00
[2024-02-28T14:44:23.952+0000] {processor.py:183} INFO - Processing /opt/airflow/dags/operator.py took 0.060 seconds
[2024-02-28T14:44:34.053+0000] {processor.py:161} INFO - Started process (PID=202) to work on /opt/airflow/dags/operator.py
[2024-02-28T14:44:34.053+0000] {processor.py:830} INFO - Processing file /opt/airflow/dags/operator.py for tasks to queue
[2024-02-28T14:44:34.054+0000] {logging_mixin.py:188} INFO - [2024-02-28T14:44:34.054+0000] {dagbag.py:538} INFO - Filling up the DagBag from /opt/airflow/dags/operator.py
[2024-02-28T14:44:34.065+0000] {processor.py:840} INFO - DAG(s) 'dag_with_python_operator' retrieved from /opt/airflow/dags/operator.py
[2024-02-28T14:44:34.075+0000] {logging_mixin.py:188} INFO - [2024-02-28T14:44:34.074+0000] {dag.py:3036} INFO - Sync 1 DAGs
[2024-02-28T14:44:34.093+0000] {logging_mixin.py:188} INFO - [2024-02-28T14:44:34.093+0000] {dag.py:3823} INFO - Setting next_dagrun for dag_with_python_operator to 2024-02-28 00:00:00+00:00, run_after=2024-02-29 00:00:00+00:00
[2024-02-28T14:44:34.103+0000] {processor.py:183} INFO - Processing /opt/airflow/dags/operator.py took 0.053 seconds
[2024-02-28T14:44:44.209+0000] {processor.py:161} INFO - Started process (PID=207) to work on /opt/airflow/dags/operator.py
[2024-02-28T14:44:44.213+0000] {processor.py:830} INFO - Processing file /opt/airflow/dags/operator.py for tasks to queue
[2024-02-28T14:44:44.216+0000] {logging_mixin.py:188} INFO - [2024-02-28T14:44:44.215+0000] {dagbag.py:538} INFO - Filling up the DagBag from /opt/airflow/dags/operator.py
[2024-02-28T14:44:44.229+0000] {processor.py:840} INFO - DAG(s) 'dag_with_python_operator' retrieved from /opt/airflow/dags/operator.py
[2024-02-28T14:44:44.290+0000] {logging_mixin.py:188} INFO - [2024-02-28T14:44:44.290+0000] {dag.py:3036} INFO - Sync 1 DAGs
[2024-02-28T14:44:44.300+0000] {logging_mixin.py:188} INFO - [2024-02-28T14:44:44.300+0000] {dag.py:3823} INFO - Setting next_dagrun for dag_with_python_operator to 2024-02-28 00:00:00+00:00, run_after=2024-02-29 00:00:00+00:00
[2024-02-28T14:44:44.309+0000] {processor.py:183} INFO - Processing /opt/airflow/dags/operator.py took 0.106 seconds
[2024-02-28T14:44:54.354+0000] {processor.py:161} INFO - Started process (PID=212) to work on /opt/airflow/dags/operator.py
[2024-02-28T14:44:54.355+0000] {processor.py:830} INFO - Processing file /opt/airflow/dags/operator.py for tasks to queue
[2024-02-28T14:44:54.356+0000] {logging_mixin.py:188} INFO - [2024-02-28T14:44:54.356+0000] {dagbag.py:538} INFO - Filling up the DagBag from /opt/airflow/dags/operator.py
[2024-02-28T14:44:54.369+0000] {processor.py:840} INFO - DAG(s) 'dag_with_python_operator' retrieved from /opt/airflow/dags/operator.py
[2024-02-28T14:44:54.379+0000] {logging_mixin.py:188} INFO - [2024-02-28T14:44:54.379+0000] {dag.py:3036} INFO - Sync 1 DAGs
[2024-02-28T14:44:54.393+0000] {logging_mixin.py:188} INFO - [2024-02-28T14:44:54.392+0000] {dag.py:3823} INFO - Setting next_dagrun for dag_with_python_operator to 2024-02-28 00:00:00+00:00, run_after=2024-02-29 00:00:00+00:00
[2024-02-28T14:44:54.403+0000] {processor.py:183} INFO - Processing /opt/airflow/dags/operator.py took 0.053 seconds
[2024-02-28T14:45:04.540+0000] {processor.py:161} INFO - Started process (PID=217) to work on /opt/airflow/dags/operator.py
[2024-02-28T14:45:04.541+0000] {processor.py:830} INFO - Processing file /opt/airflow/dags/operator.py for tasks to queue
[2024-02-28T14:45:04.542+0000] {logging_mixin.py:188} INFO - [2024-02-28T14:45:04.542+0000] {dagbag.py:538} INFO - Filling up the DagBag from /opt/airflow/dags/operator.py
[2024-02-28T14:45:04.556+0000] {processor.py:840} INFO - DAG(s) 'dag_with_python_operator' retrieved from /opt/airflow/dags/operator.py
[2024-02-28T14:45:04.566+0000] {logging_mixin.py:188} INFO - [2024-02-28T14:45:04.566+0000] {dag.py:3036} INFO - Sync 1 DAGs
[2024-02-28T14:45:04.581+0000] {logging_mixin.py:188} INFO - [2024-02-28T14:45:04.580+0000] {dag.py:3823} INFO - Setting next_dagrun for dag_with_python_operator to 2024-02-28 00:00:00+00:00, run_after=2024-02-29 00:00:00+00:00
[2024-02-28T14:45:04.590+0000] {processor.py:183} INFO - Processing /opt/airflow/dags/operator.py took 0.053 seconds
[2024-02-28T14:45:14.688+0000] {processor.py:161} INFO - Started process (PID=222) to work on /opt/airflow/dags/operator.py
[2024-02-28T14:45:14.689+0000] {processor.py:830} INFO - Processing file /opt/airflow/dags/operator.py for tasks to queue
[2024-02-28T14:45:14.689+0000] {logging_mixin.py:188} INFO - [2024-02-28T14:45:14.689+0000] {dagbag.py:538} INFO - Filling up the DagBag from /opt/airflow/dags/operator.py
[2024-02-28T14:45:14.698+0000] {processor.py:840} INFO - DAG(s) 'dag_with_python_operator' retrieved from /opt/airflow/dags/operator.py
[2024-02-28T14:45:14.713+0000] {logging_mixin.py:188} INFO - [2024-02-28T14:45:14.712+0000] {dag.py:3036} INFO - Sync 1 DAGs
[2024-02-28T14:45:14.726+0000] {logging_mixin.py:188} INFO - [2024-02-28T14:45:14.726+0000] {dag.py:3823} INFO - Setting next_dagrun for dag_with_python_operator to 2024-02-28 00:00:00+00:00, run_after=2024-02-29 00:00:00+00:00
[2024-02-28T14:45:14.735+0000] {processor.py:183} INFO - Processing /opt/airflow/dags/operator.py took 0.049 seconds
[2024-02-28T14:45:24.868+0000] {processor.py:161} INFO - Started process (PID=227) to work on /opt/airflow/dags/operator.py
[2024-02-28T14:45:24.870+0000] {processor.py:830} INFO - Processing file /opt/airflow/dags/operator.py for tasks to queue
[2024-02-28T14:45:24.871+0000] {logging_mixin.py:188} INFO - [2024-02-28T14:45:24.871+0000] {dagbag.py:538} INFO - Filling up the DagBag from /opt/airflow/dags/operator.py
[2024-02-28T14:45:24.886+0000] {processor.py:840} INFO - DAG(s) 'dag_with_python_operator' retrieved from /opt/airflow/dags/operator.py
[2024-02-28T14:45:24.909+0000] {logging_mixin.py:188} INFO - [2024-02-28T14:45:24.909+0000] {dag.py:3036} INFO - Sync 1 DAGs
[2024-02-28T14:45:24.920+0000] {logging_mixin.py:188} INFO - [2024-02-28T14:45:24.920+0000] {dag.py:3823} INFO - Setting next_dagrun for dag_with_python_operator to 2024-02-28 00:00:00+00:00, run_after=2024-02-29 00:00:00+00:00
[2024-02-28T14:45:24.929+0000] {processor.py:183} INFO - Processing /opt/airflow/dags/operator.py took 0.065 seconds
[2024-02-28T14:45:35.007+0000] {processor.py:161} INFO - Started process (PID=232) to work on /opt/airflow/dags/operator.py
[2024-02-28T14:45:35.008+0000] {processor.py:830} INFO - Processing file /opt/airflow/dags/operator.py for tasks to queue
[2024-02-28T14:45:35.009+0000] {logging_mixin.py:188} INFO - [2024-02-28T14:45:35.009+0000] {dagbag.py:538} INFO - Filling up the DagBag from /opt/airflow/dags/operator.py
[2024-02-28T14:45:35.020+0000] {processor.py:840} INFO - DAG(s) 'dag_with_python_operator' retrieved from /opt/airflow/dags/operator.py
[2024-02-28T14:45:35.037+0000] {logging_mixin.py:188} INFO - [2024-02-28T14:45:35.037+0000] {dag.py:3036} INFO - Sync 1 DAGs
[2024-02-28T14:45:35.051+0000] {logging_mixin.py:188} INFO - [2024-02-28T14:45:35.051+0000] {dag.py:3823} INFO - Setting next_dagrun for dag_with_python_operator to 2024-02-28 00:00:00+00:00, run_after=2024-02-29 00:00:00+00:00
[2024-02-28T14:45:35.062+0000] {processor.py:183} INFO - Processing /opt/airflow/dags/operator.py took 0.059 seconds
[2024-02-28T14:45:45.187+0000] {processor.py:161} INFO - Started process (PID=237) to work on /opt/airflow/dags/operator.py
[2024-02-28T14:45:45.190+0000] {processor.py:830} INFO - Processing file /opt/airflow/dags/operator.py for tasks to queue
[2024-02-28T14:45:45.192+0000] {logging_mixin.py:188} INFO - [2024-02-28T14:45:45.191+0000] {dagbag.py:538} INFO - Filling up the DagBag from /opt/airflow/dags/operator.py
[2024-02-28T14:45:45.210+0000] {processor.py:840} INFO - DAG(s) 'dag_with_python_operator' retrieved from /opt/airflow/dags/operator.py
[2024-02-28T14:45:45.233+0000] {logging_mixin.py:188} INFO - [2024-02-28T14:45:45.233+0000] {dag.py:3036} INFO - Sync 1 DAGs
[2024-02-28T14:45:45.246+0000] {logging_mixin.py:188} INFO - [2024-02-28T14:45:45.246+0000] {dag.py:3823} INFO - Setting next_dagrun for dag_with_python_operator to 2024-02-28 00:00:00+00:00, run_after=2024-02-29 00:00:00+00:00
[2024-02-28T14:45:45.256+0000] {processor.py:183} INFO - Processing /opt/airflow/dags/operator.py took 0.074 seconds
[2024-02-28T14:45:55.335+0000] {processor.py:161} INFO - Started process (PID=242) to work on /opt/airflow/dags/operator.py
[2024-02-28T14:45:55.337+0000] {processor.py:830} INFO - Processing file /opt/airflow/dags/operator.py for tasks to queue
[2024-02-28T14:45:55.338+0000] {logging_mixin.py:188} INFO - [2024-02-28T14:45:55.338+0000] {dagbag.py:538} INFO - Filling up the DagBag from /opt/airflow/dags/operator.py
[2024-02-28T14:45:55.346+0000] {processor.py:840} INFO - DAG(s) 'dag_with_python_operator' retrieved from /opt/airflow/dags/operator.py
[2024-02-28T14:45:55.362+0000] {logging_mixin.py:188} INFO - [2024-02-28T14:45:55.362+0000] {dag.py:3036} INFO - Sync 1 DAGs
[2024-02-28T14:45:55.375+0000] {logging_mixin.py:188} INFO - [2024-02-28T14:45:55.375+0000] {dag.py:3823} INFO - Setting next_dagrun for dag_with_python_operator to 2024-02-28 00:00:00+00:00, run_after=2024-02-29 00:00:00+00:00
[2024-02-28T14:45:55.385+0000] {processor.py:183} INFO - Processing /opt/airflow/dags/operator.py took 0.052 seconds
[2024-02-28T14:46:05.544+0000] {processor.py:161} INFO - Started process (PID=247) to work on /opt/airflow/dags/operator.py
[2024-02-28T14:46:05.546+0000] {processor.py:830} INFO - Processing file /opt/airflow/dags/operator.py for tasks to queue
[2024-02-28T14:46:05.547+0000] {logging_mixin.py:188} INFO - [2024-02-28T14:46:05.547+0000] {dagbag.py:538} INFO - Filling up the DagBag from /opt/airflow/dags/operator.py
[2024-02-28T14:46:05.562+0000] {processor.py:840} INFO - DAG(s) 'dag_with_python_operator' retrieved from /opt/airflow/dags/operator.py
[2024-02-28T14:46:05.586+0000] {logging_mixin.py:188} INFO - [2024-02-28T14:46:05.585+0000] {dag.py:3036} INFO - Sync 1 DAGs
[2024-02-28T14:46:05.597+0000] {logging_mixin.py:188} INFO - [2024-02-28T14:46:05.597+0000] {dag.py:3823} INFO - Setting next_dagrun for dag_with_python_operator to 2024-02-28 00:00:00+00:00, run_after=2024-02-29 00:00:00+00:00
[2024-02-28T14:46:05.607+0000] {processor.py:183} INFO - Processing /opt/airflow/dags/operator.py took 0.067 seconds
[2024-02-28T14:46:15.706+0000] {processor.py:161} INFO - Started process (PID=252) to work on /opt/airflow/dags/operator.py
[2024-02-28T14:46:15.708+0000] {processor.py:830} INFO - Processing file /opt/airflow/dags/operator.py for tasks to queue
[2024-02-28T14:46:15.709+0000] {logging_mixin.py:188} INFO - [2024-02-28T14:46:15.709+0000] {dagbag.py:538} INFO - Filling up the DagBag from /opt/airflow/dags/operator.py
[2024-02-28T14:46:15.720+0000] {processor.py:840} INFO - DAG(s) 'dag_with_python_operator' retrieved from /opt/airflow/dags/operator.py
[2024-02-28T14:46:15.737+0000] {logging_mixin.py:188} INFO - [2024-02-28T14:46:15.737+0000] {dag.py:3036} INFO - Sync 1 DAGs
[2024-02-28T14:46:15.749+0000] {logging_mixin.py:188} INFO - [2024-02-28T14:46:15.749+0000] {dag.py:3823} INFO - Setting next_dagrun for dag_with_python_operator to 2024-02-28 00:00:00+00:00, run_after=2024-02-29 00:00:00+00:00
[2024-02-28T14:46:15.759+0000] {processor.py:183} INFO - Processing /opt/airflow/dags/operator.py took 0.057 seconds
[2024-02-28T14:46:25.864+0000] {processor.py:161} INFO - Started process (PID=257) to work on /opt/airflow/dags/operator.py
[2024-02-28T14:46:25.867+0000] {processor.py:830} INFO - Processing file /opt/airflow/dags/operator.py for tasks to queue
[2024-02-28T14:46:25.869+0000] {logging_mixin.py:188} INFO - [2024-02-28T14:46:25.868+0000] {dagbag.py:538} INFO - Filling up the DagBag from /opt/airflow/dags/operator.py
[2024-02-28T14:46:25.885+0000] {processor.py:840} INFO - DAG(s) 'dag_with_python_operator' retrieved from /opt/airflow/dags/operator.py
[2024-02-28T14:46:25.908+0000] {logging_mixin.py:188} INFO - [2024-02-28T14:46:25.907+0000] {dag.py:3036} INFO - Sync 1 DAGs
[2024-02-28T14:46:25.920+0000] {logging_mixin.py:188} INFO - [2024-02-28T14:46:25.920+0000] {dag.py:3823} INFO - Setting next_dagrun for dag_with_python_operator to 2024-02-28 00:00:00+00:00, run_after=2024-02-29 00:00:00+00:00
[2024-02-28T14:46:25.929+0000] {processor.py:183} INFO - Processing /opt/airflow/dags/operator.py took 0.070 seconds
[2024-02-28T14:46:36.024+0000] {processor.py:161} INFO - Started process (PID=262) to work on /opt/airflow/dags/operator.py
[2024-02-28T14:46:36.025+0000] {processor.py:830} INFO - Processing file /opt/airflow/dags/operator.py for tasks to queue
[2024-02-28T14:46:36.026+0000] {logging_mixin.py:188} INFO - [2024-02-28T14:46:36.026+0000] {dagbag.py:538} INFO - Filling up the DagBag from /opt/airflow/dags/operator.py
[2024-02-28T14:46:36.037+0000] {processor.py:840} INFO - DAG(s) 'dag_with_python_operator' retrieved from /opt/airflow/dags/operator.py
[2024-02-28T14:46:36.056+0000] {logging_mixin.py:188} INFO - [2024-02-28T14:46:36.056+0000] {dag.py:3036} INFO - Sync 1 DAGs
[2024-02-28T14:46:36.070+0000] {logging_mixin.py:188} INFO - [2024-02-28T14:46:36.070+0000] {dag.py:3823} INFO - Setting next_dagrun for dag_with_python_operator to 2024-02-28 00:00:00+00:00, run_after=2024-02-29 00:00:00+00:00
[2024-02-28T14:46:36.082+0000] {processor.py:183} INFO - Processing /opt/airflow/dags/operator.py took 0.059 seconds
[2024-02-28T14:46:46.162+0000] {processor.py:161} INFO - Started process (PID=267) to work on /opt/airflow/dags/operator.py
[2024-02-28T14:46:46.163+0000] {processor.py:830} INFO - Processing file /opt/airflow/dags/operator.py for tasks to queue
[2024-02-28T14:46:46.164+0000] {logging_mixin.py:188} INFO - [2024-02-28T14:46:46.164+0000] {dagbag.py:538} INFO - Filling up the DagBag from /opt/airflow/dags/operator.py
[2024-02-28T14:46:46.178+0000] {processor.py:840} INFO - DAG(s) 'dag_with_python_operator' retrieved from /opt/airflow/dags/operator.py
[2024-02-28T14:46:46.200+0000] {logging_mixin.py:188} INFO - [2024-02-28T14:46:46.200+0000] {dag.py:3036} INFO - Sync 1 DAGs
[2024-02-28T14:46:46.214+0000] {logging_mixin.py:188} INFO - [2024-02-28T14:46:46.214+0000] {dag.py:3823} INFO - Setting next_dagrun for dag_with_python_operator to 2024-02-28 00:00:00+00:00, run_after=2024-02-29 00:00:00+00:00
[2024-02-28T14:46:46.224+0000] {processor.py:183} INFO - Processing /opt/airflow/dags/operator.py took 0.066 seconds
[2024-02-28T14:46:56.320+0000] {processor.py:161} INFO - Started process (PID=272) to work on /opt/airflow/dags/operator.py
[2024-02-28T14:46:56.321+0000] {processor.py:830} INFO - Processing file /opt/airflow/dags/operator.py for tasks to queue
[2024-02-28T14:46:56.323+0000] {logging_mixin.py:188} INFO - [2024-02-28T14:46:56.322+0000] {dagbag.py:538} INFO - Filling up the DagBag from /opt/airflow/dags/operator.py
[2024-02-28T14:46:56.339+0000] {processor.py:840} INFO - DAG(s) 'dag_with_python_operator' retrieved from /opt/airflow/dags/operator.py
[2024-02-28T14:46:56.356+0000] {logging_mixin.py:188} INFO - [2024-02-28T14:46:56.356+0000] {dag.py:3036} INFO - Sync 1 DAGs
[2024-02-28T14:46:56.368+0000] {logging_mixin.py:188} INFO - [2024-02-28T14:46:56.368+0000] {dag.py:3823} INFO - Setting next_dagrun for dag_with_python_operator to 2024-02-28 00:00:00+00:00, run_after=2024-02-29 00:00:00+00:00
[2024-02-28T14:46:56.377+0000] {processor.py:183} INFO - Processing /opt/airflow/dags/operator.py took 0.062 seconds
[2024-02-28T14:47:06.521+0000] {processor.py:161} INFO - Started process (PID=277) to work on /opt/airflow/dags/operator.py
[2024-02-28T14:47:06.522+0000] {processor.py:830} INFO - Processing file /opt/airflow/dags/operator.py for tasks to queue
[2024-02-28T14:47:06.523+0000] {logging_mixin.py:188} INFO - [2024-02-28T14:47:06.523+0000] {dagbag.py:538} INFO - Filling up the DagBag from /opt/airflow/dags/operator.py
[2024-02-28T14:47:06.537+0000] {processor.py:840} INFO - DAG(s) 'dag_with_python_operator' retrieved from /opt/airflow/dags/operator.py
[2024-02-28T14:47:06.559+0000] {logging_mixin.py:188} INFO - [2024-02-28T14:47:06.559+0000] {dag.py:3036} INFO - Sync 1 DAGs
[2024-02-28T14:47:06.570+0000] {logging_mixin.py:188} INFO - [2024-02-28T14:47:06.570+0000] {dag.py:3823} INFO - Setting next_dagrun for dag_with_python_operator to 2024-02-28 00:00:00+00:00, run_after=2024-02-29 00:00:00+00:00
[2024-02-28T14:47:06.580+0000] {processor.py:183} INFO - Processing /opt/airflow/dags/operator.py took 0.063 seconds
[2024-02-28T14:47:16.632+0000] {processor.py:161} INFO - Started process (PID=282) to work on /opt/airflow/dags/operator.py
[2024-02-28T14:47:16.633+0000] {processor.py:830} INFO - Processing file /opt/airflow/dags/operator.py for tasks to queue
[2024-02-28T14:47:16.633+0000] {logging_mixin.py:188} INFO - [2024-02-28T14:47:16.633+0000] {dagbag.py:538} INFO - Filling up the DagBag from /opt/airflow/dags/operator.py
[2024-02-28T14:47:16.643+0000] {processor.py:840} INFO - DAG(s) 'dag_with_python_operator' retrieved from /opt/airflow/dags/operator.py
[2024-02-28T14:47:16.658+0000] {logging_mixin.py:188} INFO - [2024-02-28T14:47:16.658+0000] {dag.py:3036} INFO - Sync 1 DAGs
[2024-02-28T14:47:16.669+0000] {logging_mixin.py:188} INFO - [2024-02-28T14:47:16.669+0000] {dag.py:3823} INFO - Setting next_dagrun for dag_with_python_operator to 2024-02-28 00:00:00+00:00, run_after=2024-02-29 00:00:00+00:00
[2024-02-28T14:47:16.679+0000] {processor.py:183} INFO - Processing /opt/airflow/dags/operator.py took 0.049 seconds
[2024-02-28T14:47:26.809+0000] {processor.py:161} INFO - Started process (PID=287) to work on /opt/airflow/dags/operator.py
[2024-02-28T14:47:26.810+0000] {processor.py:830} INFO - Processing file /opt/airflow/dags/operator.py for tasks to queue
[2024-02-28T14:47:26.811+0000] {logging_mixin.py:188} INFO - [2024-02-28T14:47:26.811+0000] {dagbag.py:538} INFO - Filling up the DagBag from /opt/airflow/dags/operator.py
[2024-02-28T14:47:26.826+0000] {processor.py:840} INFO - DAG(s) 'dag_with_python_operator' retrieved from /opt/airflow/dags/operator.py
[2024-02-28T14:47:26.850+0000] {logging_mixin.py:188} INFO - [2024-02-28T14:47:26.850+0000] {dag.py:3036} INFO - Sync 1 DAGs
[2024-02-28T14:47:26.862+0000] {logging_mixin.py:188} INFO - [2024-02-28T14:47:26.862+0000] {dag.py:3823} INFO - Setting next_dagrun for dag_with_python_operator to 2024-02-28 00:00:00+00:00, run_after=2024-02-29 00:00:00+00:00
[2024-02-28T14:47:26.871+0000] {processor.py:183} INFO - Processing /opt/airflow/dags/operator.py took 0.066 seconds
[2024-02-28T14:47:36.935+0000] {processor.py:161} INFO - Started process (PID=292) to work on /opt/airflow/dags/operator.py
[2024-02-28T14:47:36.936+0000] {processor.py:830} INFO - Processing file /opt/airflow/dags/operator.py for tasks to queue
[2024-02-28T14:47:36.937+0000] {logging_mixin.py:188} INFO - [2024-02-28T14:47:36.937+0000] {dagbag.py:538} INFO - Filling up the DagBag from /opt/airflow/dags/operator.py
[2024-02-28T14:47:36.950+0000] {processor.py:840} INFO - DAG(s) 'dag_with_python_operator' retrieved from /opt/airflow/dags/operator.py
[2024-02-28T14:47:36.966+0000] {logging_mixin.py:188} INFO - [2024-02-28T14:47:36.965+0000] {dag.py:3036} INFO - Sync 1 DAGs
[2024-02-28T14:47:36.979+0000] {logging_mixin.py:188} INFO - [2024-02-28T14:47:36.979+0000] {dag.py:3823} INFO - Setting next_dagrun for dag_with_python_operator to 2024-02-28 00:00:00+00:00, run_after=2024-02-29 00:00:00+00:00
[2024-02-28T14:47:36.988+0000] {processor.py:183} INFO - Processing /opt/airflow/dags/operator.py took 0.057 seconds
[2024-02-28T14:47:47.097+0000] {processor.py:161} INFO - Started process (PID=297) to work on /opt/airflow/dags/operator.py
[2024-02-28T14:47:47.099+0000] {processor.py:830} INFO - Processing file /opt/airflow/dags/operator.py for tasks to queue
[2024-02-28T14:47:47.100+0000] {logging_mixin.py:188} INFO - [2024-02-28T14:47:47.100+0000] {dagbag.py:538} INFO - Filling up the DagBag from /opt/airflow/dags/operator.py
[2024-02-28T14:47:47.115+0000] {processor.py:840} INFO - DAG(s) 'dag_with_python_operator' retrieved from /opt/airflow/dags/operator.py
[2024-02-28T14:47:47.138+0000] {logging_mixin.py:188} INFO - [2024-02-28T14:47:47.138+0000] {dag.py:3036} INFO - Sync 1 DAGs
[2024-02-28T14:47:47.150+0000] {logging_mixin.py:188} INFO - [2024-02-28T14:47:47.149+0000] {dag.py:3823} INFO - Setting next_dagrun for dag_with_python_operator to 2024-02-28 00:00:00+00:00, run_after=2024-02-29 00:00:00+00:00
[2024-02-28T14:47:47.159+0000] {processor.py:183} INFO - Processing /opt/airflow/dags/operator.py took 0.066 seconds
[2024-02-28T14:47:57.247+0000] {processor.py:161} INFO - Started process (PID=302) to work on /opt/airflow/dags/operator.py
[2024-02-28T14:47:57.249+0000] {processor.py:830} INFO - Processing file /opt/airflow/dags/operator.py for tasks to queue
[2024-02-28T14:47:57.250+0000] {logging_mixin.py:188} INFO - [2024-02-28T14:47:57.250+0000] {dagbag.py:538} INFO - Filling up the DagBag from /opt/airflow/dags/operator.py
[2024-02-28T14:47:57.266+0000] {processor.py:840} INFO - DAG(s) 'dag_with_python_operator' retrieved from /opt/airflow/dags/operator.py
[2024-02-28T14:47:57.292+0000] {logging_mixin.py:188} INFO - [2024-02-28T14:47:57.292+0000] {dag.py:3036} INFO - Sync 1 DAGs
[2024-02-28T14:47:57.305+0000] {logging_mixin.py:188} INFO - [2024-02-28T14:47:57.305+0000] {dag.py:3823} INFO - Setting next_dagrun for dag_with_python_operator to 2024-02-28 00:00:00+00:00, run_after=2024-02-29 00:00:00+00:00
[2024-02-28T14:47:57.314+0000] {processor.py:183} INFO - Processing /opt/airflow/dags/operator.py took 0.071 seconds
[2024-02-28T14:48:07.408+0000] {processor.py:161} INFO - Started process (PID=307) to work on /opt/airflow/dags/operator.py
[2024-02-28T14:48:07.409+0000] {processor.py:830} INFO - Processing file /opt/airflow/dags/operator.py for tasks to queue
[2024-02-28T14:48:07.410+0000] {logging_mixin.py:188} INFO - [2024-02-28T14:48:07.410+0000] {dagbag.py:538} INFO - Filling up the DagBag from /opt/airflow/dags/operator.py
[2024-02-28T14:48:07.426+0000] {processor.py:840} INFO - DAG(s) 'dag_with_python_operator' retrieved from /opt/airflow/dags/operator.py
[2024-02-28T14:48:07.449+0000] {logging_mixin.py:188} INFO - [2024-02-28T14:48:07.448+0000] {dag.py:3036} INFO - Sync 1 DAGs
[2024-02-28T14:48:07.460+0000] {logging_mixin.py:188} INFO - [2024-02-28T14:48:07.460+0000] {dag.py:3823} INFO - Setting next_dagrun for dag_with_python_operator to 2024-02-28 00:00:00+00:00, run_after=2024-02-29 00:00:00+00:00
[2024-02-28T14:48:07.469+0000] {processor.py:183} INFO - Processing /opt/airflow/dags/operator.py took 0.066 seconds
[2024-02-28T14:48:17.550+0000] {processor.py:161} INFO - Started process (PID=312) to work on /opt/airflow/dags/operator.py
[2024-02-28T14:48:17.552+0000] {processor.py:830} INFO - Processing file /opt/airflow/dags/operator.py for tasks to queue
[2024-02-28T14:48:17.554+0000] {logging_mixin.py:188} INFO - [2024-02-28T14:48:17.553+0000] {dagbag.py:538} INFO - Filling up the DagBag from /opt/airflow/dags/operator.py
[2024-02-28T14:48:17.565+0000] {processor.py:840} INFO - DAG(s) 'dag_with_python_operator' retrieved from /opt/airflow/dags/operator.py
[2024-02-28T14:48:17.581+0000] {logging_mixin.py:188} INFO - [2024-02-28T14:48:17.581+0000] {dag.py:3036} INFO - Sync 1 DAGs
[2024-02-28T14:48:17.594+0000] {logging_mixin.py:188} INFO - [2024-02-28T14:48:17.594+0000] {dag.py:3823} INFO - Setting next_dagrun for dag_with_python_operator to 2024-02-28 00:00:00+00:00, run_after=2024-02-29 00:00:00+00:00
[2024-02-28T14:48:17.605+0000] {processor.py:183} INFO - Processing /opt/airflow/dags/operator.py took 0.058 seconds
[2024-02-28T14:48:27.720+0000] {processor.py:161} INFO - Started process (PID=317) to work on /opt/airflow/dags/operator.py
[2024-02-28T14:48:27.722+0000] {processor.py:830} INFO - Processing file /opt/airflow/dags/operator.py for tasks to queue
[2024-02-28T14:48:27.724+0000] {logging_mixin.py:188} INFO - [2024-02-28T14:48:27.723+0000] {dagbag.py:538} INFO - Filling up the DagBag from /opt/airflow/dags/operator.py
[2024-02-28T14:48:27.738+0000] {processor.py:840} INFO - DAG(s) 'dag_with_python_operator' retrieved from /opt/airflow/dags/operator.py
[2024-02-28T14:48:27.760+0000] {logging_mixin.py:188} INFO - [2024-02-28T14:48:27.760+0000] {dag.py:3036} INFO - Sync 1 DAGs
[2024-02-28T14:48:27.772+0000] {logging_mixin.py:188} INFO - [2024-02-28T14:48:27.772+0000] {dag.py:3823} INFO - Setting next_dagrun for dag_with_python_operator to 2024-02-28 00:00:00+00:00, run_after=2024-02-29 00:00:00+00:00
[2024-02-28T14:48:27.782+0000] {processor.py:183} INFO - Processing /opt/airflow/dags/operator.py took 0.066 seconds
[2024-02-28T14:48:37.909+0000] {processor.py:161} INFO - Started process (PID=322) to work on /opt/airflow/dags/operator.py
[2024-02-28T14:48:37.910+0000] {processor.py:830} INFO - Processing file /opt/airflow/dags/operator.py for tasks to queue
[2024-02-28T14:48:37.911+0000] {logging_mixin.py:188} INFO - [2024-02-28T14:48:37.911+0000] {dagbag.py:538} INFO - Filling up the DagBag from /opt/airflow/dags/operator.py
[2024-02-28T14:48:37.926+0000] {processor.py:840} INFO - DAG(s) 'dag_with_python_operator' retrieved from /opt/airflow/dags/operator.py
[2024-02-28T14:48:37.949+0000] {logging_mixin.py:188} INFO - [2024-02-28T14:48:37.949+0000] {dag.py:3036} INFO - Sync 1 DAGs
[2024-02-28T14:48:37.960+0000] {logging_mixin.py:188} INFO - [2024-02-28T14:48:37.960+0000] {dag.py:3823} INFO - Setting next_dagrun for dag_with_python_operator to 2024-02-28 00:00:00+00:00, run_after=2024-02-29 00:00:00+00:00
[2024-02-28T14:48:37.969+0000] {processor.py:183} INFO - Processing /opt/airflow/dags/operator.py took 0.065 seconds
[2024-02-28T14:48:48.065+0000] {processor.py:161} INFO - Started process (PID=327) to work on /opt/airflow/dags/operator.py
[2024-02-28T14:48:48.067+0000] {processor.py:830} INFO - Processing file /opt/airflow/dags/operator.py for tasks to queue
[2024-02-28T14:48:48.067+0000] {logging_mixin.py:188} INFO - [2024-02-28T14:48:48.067+0000] {dagbag.py:538} INFO - Filling up the DagBag from /opt/airflow/dags/operator.py
[2024-02-28T14:48:48.081+0000] {processor.py:840} INFO - DAG(s) 'dag_with_python_operator' retrieved from /opt/airflow/dags/operator.py
[2024-02-28T14:48:48.108+0000] {logging_mixin.py:188} INFO - [2024-02-28T14:48:48.107+0000] {dag.py:3036} INFO - Sync 1 DAGs
[2024-02-28T14:48:48.121+0000] {logging_mixin.py:188} INFO - [2024-02-28T14:48:48.121+0000] {dag.py:3823} INFO - Setting next_dagrun for dag_with_python_operator to 2024-02-28 00:00:00+00:00, run_after=2024-02-29 00:00:00+00:00
[2024-02-28T14:48:48.131+0000] {processor.py:183} INFO - Processing /opt/airflow/dags/operator.py took 0.071 seconds
[2024-02-28T14:48:58.253+0000] {processor.py:161} INFO - Started process (PID=332) to work on /opt/airflow/dags/operator.py
[2024-02-28T14:48:58.253+0000] {processor.py:830} INFO - Processing file /opt/airflow/dags/operator.py for tasks to queue
[2024-02-28T14:48:58.254+0000] {logging_mixin.py:188} INFO - [2024-02-28T14:48:58.254+0000] {dagbag.py:538} INFO - Filling up the DagBag from /opt/airflow/dags/operator.py
[2024-02-28T14:48:58.263+0000] {processor.py:840} INFO - DAG(s) 'dag_with_python_operator' retrieved from /opt/airflow/dags/operator.py
[2024-02-28T14:48:58.277+0000] {logging_mixin.py:188} INFO - [2024-02-28T14:48:58.277+0000] {dag.py:3036} INFO - Sync 1 DAGs
[2024-02-28T14:48:58.288+0000] {logging_mixin.py:188} INFO - [2024-02-28T14:48:58.288+0000] {dag.py:3823} INFO - Setting next_dagrun for dag_with_python_operator to 2024-02-28 00:00:00+00:00, run_after=2024-02-29 00:00:00+00:00
[2024-02-28T14:48:58.298+0000] {processor.py:183} INFO - Processing /opt/airflow/dags/operator.py took 0.047 seconds
[2024-02-28T14:49:08.443+0000] {processor.py:161} INFO - Started process (PID=337) to work on /opt/airflow/dags/operator.py
[2024-02-28T14:49:08.444+0000] {processor.py:830} INFO - Processing file /opt/airflow/dags/operator.py for tasks to queue
[2024-02-28T14:49:08.445+0000] {logging_mixin.py:188} INFO - [2024-02-28T14:49:08.444+0000] {dagbag.py:538} INFO - Filling up the DagBag from /opt/airflow/dags/operator.py
[2024-02-28T14:49:08.452+0000] {processor.py:840} INFO - DAG(s) 'dag_with_python_operator' retrieved from /opt/airflow/dags/operator.py
[2024-02-28T14:49:08.466+0000] {logging_mixin.py:188} INFO - [2024-02-28T14:49:08.466+0000] {dag.py:3036} INFO - Sync 1 DAGs
[2024-02-28T14:49:08.478+0000] {logging_mixin.py:188} INFO - [2024-02-28T14:49:08.478+0000] {dag.py:3823} INFO - Setting next_dagrun for dag_with_python_operator to 2024-02-28 00:00:00+00:00, run_after=2024-02-29 00:00:00+00:00
[2024-02-28T14:49:08.488+0000] {processor.py:183} INFO - Processing /opt/airflow/dags/operator.py took 0.047 seconds
[2024-02-28T14:49:18.618+0000] {processor.py:161} INFO - Started process (PID=342) to work on /opt/airflow/dags/operator.py
[2024-02-28T14:49:18.620+0000] {processor.py:830} INFO - Processing file /opt/airflow/dags/operator.py for tasks to queue
[2024-02-28T14:49:18.622+0000] {logging_mixin.py:188} INFO - [2024-02-28T14:49:18.621+0000] {dagbag.py:538} INFO - Filling up the DagBag from /opt/airflow/dags/operator.py
[2024-02-28T14:49:18.636+0000] {processor.py:840} INFO - DAG(s) 'dag_with_python_operator' retrieved from /opt/airflow/dags/operator.py
[2024-02-28T14:49:18.658+0000] {logging_mixin.py:188} INFO - [2024-02-28T14:49:18.658+0000] {dag.py:3036} INFO - Sync 1 DAGs
[2024-02-28T14:49:18.670+0000] {logging_mixin.py:188} INFO - [2024-02-28T14:49:18.670+0000] {dag.py:3823} INFO - Setting next_dagrun for dag_with_python_operator to 2024-02-28 00:00:00+00:00, run_after=2024-02-29 00:00:00+00:00
[2024-02-28T14:49:18.681+0000] {processor.py:183} INFO - Processing /opt/airflow/dags/operator.py took 0.067 seconds
[2024-02-28T14:49:28.767+0000] {processor.py:161} INFO - Started process (PID=347) to work on /opt/airflow/dags/operator.py
[2024-02-28T14:49:28.768+0000] {processor.py:830} INFO - Processing file /opt/airflow/dags/operator.py for tasks to queue
[2024-02-28T14:49:28.769+0000] {logging_mixin.py:188} INFO - [2024-02-28T14:49:28.769+0000] {dagbag.py:538} INFO - Filling up the DagBag from /opt/airflow/dags/operator.py
[2024-02-28T14:49:28.778+0000] {processor.py:840} INFO - DAG(s) 'dag_with_python_operator' retrieved from /opt/airflow/dags/operator.py
[2024-02-28T14:49:28.795+0000] {logging_mixin.py:188} INFO - [2024-02-28T14:49:28.795+0000] {dag.py:3036} INFO - Sync 1 DAGs
[2024-02-28T14:49:28.808+0000] {logging_mixin.py:188} INFO - [2024-02-28T14:49:28.808+0000] {dag.py:3823} INFO - Setting next_dagrun for dag_with_python_operator to 2024-02-28 00:00:00+00:00, run_after=2024-02-29 00:00:00+00:00
[2024-02-28T14:49:28.819+0000] {processor.py:183} INFO - Processing /opt/airflow/dags/operator.py took 0.054 seconds
[2024-02-28T14:49:38.952+0000] {processor.py:161} INFO - Started process (PID=352) to work on /opt/airflow/dags/operator.py
[2024-02-28T14:49:38.953+0000] {processor.py:830} INFO - Processing file /opt/airflow/dags/operator.py for tasks to queue
[2024-02-28T14:49:38.954+0000] {logging_mixin.py:188} INFO - [2024-02-28T14:49:38.954+0000] {dagbag.py:538} INFO - Filling up the DagBag from /opt/airflow/dags/operator.py
[2024-02-28T14:49:38.969+0000] {processor.py:840} INFO - DAG(s) 'dag_with_python_operator' retrieved from /opt/airflow/dags/operator.py
[2024-02-28T14:49:38.990+0000] {logging_mixin.py:188} INFO - [2024-02-28T14:49:38.990+0000] {dag.py:3036} INFO - Sync 1 DAGs
[2024-02-28T14:49:39.002+0000] {logging_mixin.py:188} INFO - [2024-02-28T14:49:39.001+0000] {dag.py:3823} INFO - Setting next_dagrun for dag_with_python_operator to 2024-02-28 00:00:00+00:00, run_after=2024-02-29 00:00:00+00:00
[2024-02-28T14:49:39.011+0000] {processor.py:183} INFO - Processing /opt/airflow/dags/operator.py took 0.063 seconds
[2024-02-28T14:49:49.141+0000] {processor.py:161} INFO - Started process (PID=357) to work on /opt/airflow/dags/operator.py
[2024-02-28T14:49:49.142+0000] {processor.py:830} INFO - Processing file /opt/airflow/dags/operator.py for tasks to queue
[2024-02-28T14:49:49.143+0000] {logging_mixin.py:188} INFO - [2024-02-28T14:49:49.143+0000] {dagbag.py:538} INFO - Filling up the DagBag from /opt/airflow/dags/operator.py
[2024-02-28T14:49:49.153+0000] {processor.py:840} INFO - DAG(s) 'dag_with_python_operator' retrieved from /opt/airflow/dags/operator.py
[2024-02-28T14:49:49.171+0000] {logging_mixin.py:188} INFO - [2024-02-28T14:49:49.171+0000] {dag.py:3036} INFO - Sync 1 DAGs
[2024-02-28T14:49:49.186+0000] {logging_mixin.py:188} INFO - [2024-02-28T14:49:49.186+0000] {dag.py:3823} INFO - Setting next_dagrun for dag_with_python_operator to 2024-02-28 00:00:00+00:00, run_after=2024-02-29 00:00:00+00:00
[2024-02-28T14:49:49.196+0000] {processor.py:183} INFO - Processing /opt/airflow/dags/operator.py took 0.057 seconds
[2024-02-28T14:49:59.283+0000] {processor.py:161} INFO - Started process (PID=362) to work on /opt/airflow/dags/operator.py
[2024-02-28T14:49:59.285+0000] {processor.py:830} INFO - Processing file /opt/airflow/dags/operator.py for tasks to queue
[2024-02-28T14:49:59.286+0000] {logging_mixin.py:188} INFO - [2024-02-28T14:49:59.286+0000] {dagbag.py:538} INFO - Filling up the DagBag from /opt/airflow/dags/operator.py
[2024-02-28T14:49:59.301+0000] {processor.py:840} INFO - DAG(s) 'dag_with_python_operator' retrieved from /opt/airflow/dags/operator.py
[2024-02-28T14:49:59.324+0000] {logging_mixin.py:188} INFO - [2024-02-28T14:49:59.324+0000] {dag.py:3036} INFO - Sync 1 DAGs
[2024-02-28T14:49:59.335+0000] {logging_mixin.py:188} INFO - [2024-02-28T14:49:59.335+0000] {dag.py:3823} INFO - Setting next_dagrun for dag_with_python_operator to 2024-02-28 00:00:00+00:00, run_after=2024-02-29 00:00:00+00:00
[2024-02-28T14:49:59.345+0000] {processor.py:183} INFO - Processing /opt/airflow/dags/operator.py took 0.066 seconds
[2024-02-28T14:50:09.432+0000] {processor.py:161} INFO - Started process (PID=367) to work on /opt/airflow/dags/operator.py
[2024-02-28T14:50:09.434+0000] {processor.py:830} INFO - Processing file /opt/airflow/dags/operator.py for tasks to queue
[2024-02-28T14:50:09.435+0000] {logging_mixin.py:188} INFO - [2024-02-28T14:50:09.435+0000] {dagbag.py:538} INFO - Filling up the DagBag from /opt/airflow/dags/operator.py
[2024-02-28T14:50:09.450+0000] {processor.py:840} INFO - DAG(s) 'dag_with_python_operator' retrieved from /opt/airflow/dags/operator.py
[2024-02-28T14:50:09.466+0000] {logging_mixin.py:188} INFO - [2024-02-28T14:50:09.466+0000] {dag.py:3036} INFO - Sync 1 DAGs
[2024-02-28T14:50:09.478+0000] {logging_mixin.py:188} INFO - [2024-02-28T14:50:09.478+0000] {dag.py:3823} INFO - Setting next_dagrun for dag_with_python_operator to 2024-02-28 00:00:00+00:00, run_after=2024-02-29 00:00:00+00:00
[2024-02-28T14:50:09.487+0000] {processor.py:183} INFO - Processing /opt/airflow/dags/operator.py took 0.059 seconds
[2024-02-28T14:50:19.583+0000] {processor.py:161} INFO - Started process (PID=372) to work on /opt/airflow/dags/operator.py
[2024-02-28T14:50:19.585+0000] {processor.py:830} INFO - Processing file /opt/airflow/dags/operator.py for tasks to queue
[2024-02-28T14:50:19.586+0000] {logging_mixin.py:188} INFO - [2024-02-28T14:50:19.586+0000] {dagbag.py:538} INFO - Filling up the DagBag from /opt/airflow/dags/operator.py
[2024-02-28T14:50:19.599+0000] {processor.py:840} INFO - DAG(s) 'dag_with_python_operator' retrieved from /opt/airflow/dags/operator.py
[2024-02-28T14:50:19.619+0000] {logging_mixin.py:188} INFO - [2024-02-28T14:50:19.619+0000] {dag.py:3036} INFO - Sync 1 DAGs
[2024-02-28T14:50:19.631+0000] {logging_mixin.py:188} INFO - [2024-02-28T14:50:19.631+0000] {dag.py:3823} INFO - Setting next_dagrun for dag_with_python_operator to 2024-02-28 00:00:00+00:00, run_after=2024-02-29 00:00:00+00:00
[2024-02-28T14:50:19.640+0000] {processor.py:183} INFO - Processing /opt/airflow/dags/operator.py took 0.060 seconds
