[2024-02-28T14:43:33.122+0000] {manager.py:469} INFO - Processing files using up to 2 processes at a time 
[2024-02-28T14:43:33.122+0000] {manager.py:470} INFO - Process each file at most once every 10 seconds
[2024-02-28T14:43:33.123+0000] {manager.py:471} INFO - Checking for new files in /opt/airflow/dags every 300 seconds
[2024-02-28T14:43:33.123+0000] {manager.py:738} INFO - Searching for files in /opt/airflow/dags
[2024-02-28T14:43:33.125+0000] {manager.py:741} INFO - There are 1 files in /opt/airflow/dags
[2024-02-28T14:43:33.169+0000] {manager.py:879} INFO - 
================================================================================
DAG File Processing Stats

File Path                        PID  Runtime      # DAGs    # Errors  Last Runtime    Last Run
-----------------------------  -----  ---------  --------  ----------  --------------  ----------
/opt/airflow/dags/operator.py    171  0.02s             0           0
================================================================================
[2024-02-28T14:44:03.593+0000] {manager.py:879} INFO - 
================================================================================
DAG File Processing Stats

File Path                        PID  Runtime      # DAGs    # Errors  Last Runtime    Last Run
-----------------------------  -----  ---------  --------  ----------  --------------  -------------------
/opt/airflow/dags/operator.py    187  0.01s             1           0  0.09s           2024-02-28T14:43:53
================================================================================
[2024-02-28T14:44:34.045+0000] {manager.py:879} INFO - 
================================================================================
DAG File Processing Stats

File Path                        PID  Runtime      # DAGs    # Errors  Last Runtime    Last Run
-----------------------------  -----  ---------  --------  ----------  --------------  -------------------
/opt/airflow/dags/operator.py    202  0.02s             1           0  0.08s           2024-02-28T14:44:23
================================================================================
[2024-02-28T14:45:04.531+0000] {manager.py:879} INFO - 
================================================================================
DAG File Processing Stats

File Path                        PID  Runtime      # DAGs    # Errors  Last Runtime    Last Run
-----------------------------  -----  ---------  --------  ----------  --------------  -------------------
/opt/airflow/dags/operator.py    217  0.01s             1           0  0.08s           2024-02-28T14:44:54
================================================================================
[2024-02-28T14:45:34.998+0000] {manager.py:879} INFO - 
================================================================================
DAG File Processing Stats

File Path                        PID  Runtime      # DAGs    # Errors  Last Runtime    Last Run
-----------------------------  -----  ---------  --------  ----------  --------------  -------------------
/opt/airflow/dags/operator.py    232  0.01s             1           0  0.09s           2024-02-28T14:45:24
================================================================================
[2024-02-28T14:46:05.533+0000] {manager.py:879} INFO - 
================================================================================
DAG File Processing Stats

File Path                        PID  Runtime      # DAGs    # Errors  Last Runtime    Last Run
-----------------------------  -----  ---------  --------  ----------  --------------  -------------------
/opt/airflow/dags/operator.py    247  0.01s             1           0  0.07s           2024-02-28T14:45:55
================================================================================
[2024-02-28T14:46:36.017+0000] {manager.py:879} INFO - 
================================================================================
DAG File Processing Stats

File Path                        PID  Runtime      # DAGs    # Errors  Last Runtime    Last Run
-----------------------------  -----  ---------  --------  ----------  --------------  -------------------
/opt/airflow/dags/operator.py    262  0.01s             1           0  0.09s           2024-02-28T14:46:25
================================================================================
[2024-02-28T14:47:06.510+0000] {manager.py:879} INFO - 
================================================================================
DAG File Processing Stats

File Path                        PID  Runtime      # DAGs    # Errors  Last Runtime    Last Run
-----------------------------  -----  ---------  --------  ----------  --------------  -------------------
/opt/airflow/dags/operator.py    277  0.01s             1           0  0.09s           2024-02-28T14:46:56
================================================================================
[2024-02-28T14:47:36.927+0000] {manager.py:879} INFO - 
================================================================================
DAG File Processing Stats

File Path                        PID  Runtime      # DAGs    # Errors  Last Runtime    Last Run
-----------------------------  -----  ---------  --------  ----------  --------------  -------------------
/opt/airflow/dags/operator.py    292  0.01s             1           0  0.08s           2024-02-28T14:47:26
================================================================================
[2024-02-28T14:48:07.396+0000] {manager.py:879} INFO - 
================================================================================
DAG File Processing Stats

File Path                        PID  Runtime      # DAGs    # Errors  Last Runtime    Last Run
-----------------------------  -----  ---------  --------  ----------  --------------  -------------------
/opt/airflow/dags/operator.py    307  0.01s             1           0  0.10s           2024-02-28T14:47:57
================================================================================
[2024-02-28T14:48:33.805+0000] {manager.py:738} INFO - Searching for files in /opt/airflow/dags
[2024-02-28T14:48:33.810+0000] {manager.py:741} INFO - There are 1 files in /opt/airflow/dags
[2024-02-28T14:48:37.897+0000] {manager.py:879} INFO - 
================================================================================
DAG File Processing Stats

File Path                        PID  Runtime      # DAGs    # Errors  Last Runtime    Last Run
-----------------------------  -----  ---------  --------  ----------  --------------  -------------------
/opt/airflow/dags/operator.py    322  0.01s             1           0  0.09s           2024-02-28T14:48:27
================================================================================
[2024-02-28T14:49:08.432+0000] {manager.py:879} INFO - 
================================================================================
DAG File Processing Stats

File Path                        PID  Runtime      # DAGs    # Errors  Last Runtime    Last Run
-----------------------------  -----  ---------  --------  ----------  --------------  -------------------
/opt/airflow/dags/operator.py    337  0.01s             1           0  0.06s           2024-02-28T14:48:58
================================================================================
[2024-02-28T14:49:38.940+0000] {manager.py:879} INFO - 
================================================================================
DAG File Processing Stats

File Path                        PID  Runtime      # DAGs    # Errors  Last Runtime    Last Run
-----------------------------  -----  ---------  --------  ----------  --------------  -------------------
/opt/airflow/dags/operator.py    352  0.01s             1           0  0.07s           2024-02-28T14:49:28
================================================================================
[2024-02-28T14:50:09.423+0000] {manager.py:879} INFO - 
================================================================================
DAG File Processing Stats

File Path                        PID  Runtime      # DAGs    # Errors  Last Runtime    Last Run
-----------------------------  -----  ---------  --------  ----------  --------------  -------------------
/opt/airflow/dags/operator.py    367  0.00s             1           0  0.08s           2024-02-28T14:49:59
================================================================================
[2024-02-28T14:50:28.677+0000] {manager.py:1129} WARNING - Skipping processing of missing file: /opt/airflow/dags/operator.py
[2024-02-28T14:53:33.877+0000] {manager.py:738} INFO - Searching for files in /opt/airflow/dags
[2024-02-28T14:53:33.896+0000] {manager.py:741} INFO - There are 1 files in /opt/airflow/dags
[2024-02-28T14:53:42.025+0000] {manager.py:879} INFO - 
================================================================================
DAG File Processing Stats

File Path                         PID    Runtime      # DAGs    # Errors  Last Runtime    Last Run
--------------------------------  -----  ---------  --------  ----------  --------------  -------------------
/opt/airflow/dags/orchestator.py                           1           0  0.12s           2024-02-28T14:53:34
================================================================================
[2024-02-28T14:54:12.508+0000] {manager.py:879} INFO - 
================================================================================
DAG File Processing Stats

File Path                         PID    Runtime      # DAGs    # Errors  Last Runtime    Last Run
--------------------------------  -----  ---------  --------  ----------  --------------  -------------------
/opt/airflow/dags/orchestator.py                           1           0  0.09s           2024-02-28T14:54:04
================================================================================
[2024-02-28T14:54:42.992+0000] {manager.py:879} INFO - 
================================================================================
DAG File Processing Stats

File Path                         PID    Runtime      # DAGs    # Errors  Last Runtime    Last Run
--------------------------------  -----  ---------  --------  ----------  --------------  -------------------
/opt/airflow/dags/orchestator.py                           1           0  0.08s           2024-02-28T14:54:34
================================================================================
[2024-02-28T14:55:13.595+0000] {manager.py:879} INFO - 
================================================================================
DAG File Processing Stats

File Path                         PID    Runtime      # DAGs    # Errors  Last Runtime    Last Run
--------------------------------  -----  ---------  --------  ----------  --------------  -------------------
/opt/airflow/dags/orchestator.py                           1           0  0.09s           2024-02-28T14:55:05
================================================================================
[2024-02-28T14:55:44.082+0000] {manager.py:879} INFO - 
================================================================================
DAG File Processing Stats

File Path                         PID    Runtime      # DAGs    # Errors  Last Runtime    Last Run
--------------------------------  -----  ---------  --------  ----------  --------------  -------------------
/opt/airflow/dags/orchestator.py                           1           0  0.07s           2024-02-28T14:55:36
================================================================================
[2024-02-28T14:56:14.505+0000] {manager.py:879} INFO - 
================================================================================
DAG File Processing Stats

File Path                         PID    Runtime      # DAGs    # Errors  Last Runtime    Last Run
--------------------------------  -----  ---------  --------  ----------  --------------  -------------------
/opt/airflow/dags/orchestator.py                           1           0  0.08s           2024-02-28T14:56:06
================================================================================
[2024-02-28T14:56:44.968+0000] {manager.py:879} INFO - 
================================================================================
DAG File Processing Stats

File Path                         PID    Runtime      # DAGs    # Errors  Last Runtime    Last Run
--------------------------------  -----  ---------  --------  ----------  --------------  -------------------
/opt/airflow/dags/orchestator.py                           1           0  0.07s           2024-02-28T14:56:36
================================================================================
[2024-02-28T14:57:15.455+0000] {manager.py:879} INFO - 
================================================================================
DAG File Processing Stats

File Path                         PID    Runtime      # DAGs    # Errors  Last Runtime    Last Run
--------------------------------  -----  ---------  --------  ----------  --------------  -------------------
/opt/airflow/dags/orchestator.py                           1           0  0.10s           2024-02-28T14:57:07
================================================================================
[2024-02-28T14:57:45.938+0000] {manager.py:879} INFO - 
================================================================================
DAG File Processing Stats

File Path                         PID    Runtime      # DAGs    # Errors  Last Runtime    Last Run
--------------------------------  -----  ---------  --------  ----------  --------------  -------------------
/opt/airflow/dags/orchestator.py                           1           0  0.09s           2024-02-28T14:57:37
================================================================================
[2024-02-28T14:58:16.433+0000] {manager.py:879} INFO - 
================================================================================
DAG File Processing Stats

File Path                         PID    Runtime      # DAGs    # Errors  Last Runtime    Last Run
--------------------------------  -----  ---------  --------  ----------  --------------  -------------------
/opt/airflow/dags/orchestator.py                           1           0  0.07s           2024-02-28T14:58:08
================================================================================
[2024-02-28T14:58:34.715+0000] {manager.py:738} INFO - Searching for files in /opt/airflow/dags
[2024-02-28T14:58:34.739+0000] {manager.py:741} INFO - There are 1 files in /opt/airflow/dags
[2024-02-28T14:58:46.930+0000] {manager.py:879} INFO - 
================================================================================
DAG File Processing Stats

File Path                         PID    Runtime      # DAGs    # Errors  Last Runtime    Last Run
--------------------------------  -----  ---------  --------  ----------  --------------  -------------------
/opt/airflow/dags/orchestator.py                           1           0  0.09s           2024-02-28T14:58:38
================================================================================
[2024-02-28T14:59:17.421+0000] {manager.py:879} INFO - 
================================================================================
DAG File Processing Stats

File Path                         PID    Runtime      # DAGs    # Errors  Last Runtime    Last Run
--------------------------------  -----  ---------  --------  ----------  --------------  -------------------
/opt/airflow/dags/orchestator.py                           1           0  0.08s           2024-02-28T14:59:09
================================================================================
